c:\users\shs-laboratory\source\repos\pbd\pbd\x64\release\vc141.pdb
c:\users\shs-laboratory\source\repos\pbd\pbd\x64\release\triangularmesh.obj
c:\users\shs-laboratory\source\repos\pbd\pbd\x64\release\timeintegrator.obj
c:\users\shs-laboratory\source\repos\pbd\pbd\x64\release\simulatorinit.obj
c:\users\shs-laboratory\source\repos\pbd\pbd\x64\release\clothsimulator.obj
c:\users\shs-laboratory\source\repos\pbd\pbd\x64\release\object.obj
c:\users\shs-laboratory\source\repos\pbd\pbd\x64\release\timing.obj
c:\users\shs-laboratory\source\repos\pbd\pbd\x64\release\kdop.obj
c:\users\shs-laboratory\source\repos\pbd\pbd\x64\release\aap.obj
c:\users\shs-laboratory\source\repos\pbd\pbd\x64\release\aabb.obj
c:\users\shs-laboratory\source\repos\pbd\pbd\x64\release\ccd_output.obj
c:\users\shs-laboratory\source\repos\pbd\pbd\x64\release\ccd_object.obj
c:\users\shs-laboratory\source\repos\pbd\pbd\x64\release\ccd.obj
c:\users\shs-laboratory\source\repos\pbd\pbd\x64\release\bvh_node.obj
c:\users\shs-laboratory\source\repos\pbd\pbd\x64\release\bvh.obj
c:\users\shs-laboratory\source\repos\pbd\pbd\x64\release\main.obj
c:\users\shs-laboratory\source\repos\pbd\pbd\x64\release\parameter.obj
c:\users\shs-laboratory\source\repos\pbd\pbd\x64\release\timer.obj
c:\users\shs-laboratory\source\repos\pbd\pbd\x64\release\box.obj
c:\users\shs-laboratory\source\repos\pbd\pbd\x64\release\pbd.tlog\cl.command.1.tlog
c:\users\shs-laboratory\source\repos\pbd\pbd\x64\release\pbd.tlog\cl.read.1.tlog
c:\users\shs-laboratory\source\repos\pbd\pbd\x64\release\pbd.tlog\cl.write.1.tlog
c:\users\shs-laboratory\source\repos\pbd\pbd\x64\release\pbd.tlog\link.command.1.tlog
c:\users\shs-laboratory\source\repos\pbd\pbd\x64\release\pbd.tlog\link.read.1.tlog
c:\users\shs-laboratory\source\repos\pbd\pbd\x64\release\pbd.tlog\link.write.1.tlog
