c:\users\gml\desktop\pbd\pbd\x64\debug\vc143.pdb
c:\users\gml\desktop\pbd\pbd\x64\debug\vc143.idb
c:\users\gml\desktop\pbd\pbd\x64\debug\triangularmesh.obj
c:\users\gml\desktop\pbd\pbd\x64\debug\timeintegrator.obj
c:\users\gml\desktop\pbd\pbd\x64\debug\simulatorinit.obj
c:\users\gml\desktop\pbd\pbd\x64\debug\clothsimulator.obj
c:\users\gml\desktop\pbd\pbd\x64\debug\object.obj
c:\users\gml\desktop\pbd\pbd\x64\debug\timing.obj
c:\users\gml\desktop\pbd\pbd\x64\debug\kdop.obj
c:\users\gml\desktop\pbd\pbd\x64\debug\aap.obj
c:\users\gml\desktop\pbd\pbd\x64\debug\aabb.obj
c:\users\gml\desktop\pbd\pbd\x64\debug\ccd_output.obj
c:\users\gml\desktop\pbd\pbd\x64\debug\ccd_object.obj
c:\users\gml\desktop\pbd\pbd\x64\debug\ccd.obj
c:\users\gml\desktop\pbd\pbd\x64\debug\bvh_node.obj
c:\users\gml\desktop\pbd\pbd\x64\debug\bvh.obj
c:\users\gml\desktop\pbd\pbd\x64\debug\main.obj
c:\users\gml\desktop\pbd\pbd\x64\debug\parameter.obj
c:\users\gml\desktop\pbd\pbd\x64\debug\timer.obj
c:\users\gml\desktop\pbd\x64\debug\pbd.exe
c:\users\gml\desktop\pbd\pbd\x64\debug\pbd.ilk
c:\users\gml\desktop\pbd\x64\debug\pbd.pdb
c:\users\gml\desktop\pbd\pbd\x64\debug\clothsimulator.obj.enc
c:\users\gml\desktop\pbd\pbd\x64\debug\vc141.idb
c:\users\gml\desktop\pbd\pbd\x64\debug\vc142.idb
c:\users\gml\desktop\pbd\pbd\x64\debug\vc141.pdb
c:\users\gml\desktop\pbd\pbd\x64\debug\vc142.pdb
c:\users\gml\desktop\pbd\x64\debug\pbd.ilk
c:\users\gml\desktop\pbd\pbd\x64\debug\pbd.tlog\cl.command.1.tlog
c:\users\gml\desktop\pbd\pbd\x64\debug\pbd.tlog\cl.items.tlog
c:\users\gml\desktop\pbd\pbd\x64\debug\pbd.tlog\cl.read.1.tlog
c:\users\gml\desktop\pbd\pbd\x64\debug\pbd.tlog\cl.write.1.tlog
c:\users\gml\desktop\pbd\pbd\x64\debug\pbd.tlog\link.command.1.tlog
c:\users\gml\desktop\pbd\pbd\x64\debug\pbd.tlog\link.read.1.tlog
c:\users\gml\desktop\pbd\pbd\x64\debug\pbd.tlog\link.write.1.tlog
